
=== Sat Aug 28 18:55:29 2021

Packages were changed.
Update Mode: mergeDefaultDependencies

The following packages were added:
  com.unity.collab-proxy@1.7.1
  com.unity.ide.rider@2.0.7
  com.unity.ide.visualstudio@2.0.11
  com.unity.ide.vscode@1.2.3
  com.unity.modules.ai@1.0.0
  com.unity.modules.androidjni@1.0.0
  com.unity.modules.animation@1.0.0
  com.unity.modules.assetbundle@1.0.0
  com.unity.modules.audio@1.0.0
  com.unity.modules.cloth@1.0.0
  com.unity.modules.director@1.0.0
  com.unity.modules.imageconversion@1.0.0
  com.unity.modules.imgui@1.0.0
  com.unity.modules.jsonserialize@1.0.0
  com.unity.modules.particlesystem@1.0.0
  com.unity.modules.physics@1.0.0
  com.unity.modules.physics2d@1.0.0
  com.unity.modules.screencapture@1.0.0
  com.unity.modules.terrain@1.0.0
  com.unity.modules.terrainphysics@1.0.0
  com.unity.modules.tilemap@1.0.0
  com.unity.modules.ui@1.0.0
  com.unity.modules.uielements@1.0.0
  com.unity.modules.umbra@1.0.0
  com.unity.modules.unityanalytics@1.0.0
  com.unity.modules.unitywebrequest@1.0.0
  com.unity.modules.unitywebrequestassetbundle@1.0.0
  com.unity.modules.unitywebrequestaudio@1.0.0
  com.unity.modules.unitywebrequesttexture@1.0.0
  com.unity.modules.unitywebrequestwww@1.0.0
  com.unity.modules.vehicles@1.0.0
  com.unity.modules.video@1.0.0
  com.unity.modules.vr@1.0.0
  com.unity.modules.wind@1.0.0
  com.unity.modules.xr@1.0.0
  com.unity.test-framework@1.1.27
  com.unity.textmeshpro@3.0.6
  com.unity.timeline@1.4.8
  com.unity.ugui@1.0.0

=== Fri Jan  7 20:48:50 2022

Packages were changed.
Update Mode: resetToDefaultDependencies

The following packages were updated:
  com.unity.ide.visualstudio from version 2.0.12 to 2.0.11
  com.unity.ide.vscode from version 1.2.4 to 1.2.3
  com.unity.test-framework from version 1.1.30 to 1.1.27

=== Fri Jan  7 20:53:38 2022

Packages were changed.
Update Mode: resetToDefaultDependencies

The following packages were updated:
  com.unity.ide.visualstudio from version 2.0.12 to 2.0.11
  com.unity.ide.vscode from version 1.2.4 to 1.2.3
  com.unity.test-framework from version 1.1.30 to 1.1.27

=== Wed Jan 19 19:35:33 2022

Packages were changed.
Update Mode: resetToDefaultDependencies

The following packages were added:
  com.unity.textmeshpro@3.0.6
The following packages were updated:
  com.unity.ide.visualstudio from version 2.0.12 to 2.0.11
  com.unity.ide.vscode from version 1.2.4 to 1.2.3
  com.unity.test-framework from version 1.1.30 to 1.1.27

=== Wed Jan 19 19:36:46 2022

Packages were changed.
Update Mode: resetToDefaultDependencies

The following packages were updated:
  com.unity.ide.visualstudio from version 2.0.12 to 2.0.11
